<?xml version="1.0" encoding="UTF-8"?>
<testsuite xmlns:xsi="http://www.w3.org/2001/XMLSchema-instance" xsi:noNamespaceSchemaLocation="https://maven.apache.org/surefire/maven-surefire-plugin/xsd/surefire-test-report.xsd" name="rest_api_automation.DataFileTest" time="2.009" tests="2" errors="0" skipped="0" failures="0">
  <properties>
    <property name="gopherProxySet" value="false"/>
    <property name="awt.toolkit" value="sun.lwawt.macosx.LWCToolkit"/>
    <property name="file.encoding.pkg" value="sun.io"/>
    <property name="java.specification.version" value="1.8"/>
    <property name="sun.cpu.isalist" value=""/>
    <property name="sun.jnu.encoding" value="UTF-8"/>
    <property name="java.class.path" value="/Users/gloriagomez/Documents/workspace/RestApiChallenge/RestApi/RestApiChallenge/target/test-classes:/Users/gloriagomez/Documents/workspace/RestApiChallenge/RestApi/RestApiChallenge/target/classes:/Users/gloriagomez/.m2/repository/junit/junit/4.12/junit-4.12.jar:/Users/gloriagomez/.m2/repository/org/hamcrest/hamcrest-core/1.3/hamcrest-core-1.3.jar:/Users/gloriagomez/.m2/repository/org/apache/commons/commons-collections4/4.3/commons-collections4-4.3.jar:/Users/gloriagomez/.m2/repository/org/eclipse/jetty/jetty-server/9.4.11.v20180605/jetty-server-9.4.11.v20180605.jar:/Users/gloriagomez/.m2/repository/javax/servlet/javax.servlet-api/3.1.0/javax.servlet-api-3.1.0.jar:/Users/gloriagomez/.m2/repository/org/eclipse/jetty/jetty-http/9.4.11.v20180605/jetty-http-9.4.11.v20180605.jar:/Users/gloriagomez/.m2/repository/org/eclipse/jetty/jetty-io/9.4.11.v20180605/jetty-io-9.4.11.v20180605.jar:/Users/gloriagomez/.m2/repository/org/eclipse/jetty/jetty-servlet/9.4.11.v20180605/jetty-servlet-9.4.11.v20180605.jar:/Users/gloriagomez/.m2/repository/org/eclipse/jetty/jetty-security/9.4.11.v20180605/jetty-security-9.4.11.v20180605.jar:/Users/gloriagomez/.m2/repository/org/eclipse/jetty/jetty-servlets/9.4.11.v20180605/jetty-servlets-9.4.11.v20180605.jar:/Users/gloriagomez/.m2/repository/org/eclipse/jetty/jetty-continuation/9.4.11.v20180605/jetty-continuation-9.4.11.v20180605.jar:/Users/gloriagomez/.m2/repository/org/eclipse/jetty/jetty-util/9.4.11.v20180605/jetty-util-9.4.11.v20180605.jar:/Users/gloriagomez/.m2/repository/org/eclipse/jetty/jetty-webapp/9.4.11.v20180605/jetty-webapp-9.4.11.v20180605.jar:/Users/gloriagomez/.m2/repository/org/eclipse/jetty/jetty-xml/9.4.11.v20180605/jetty-xml-9.4.11.v20180605.jar:/Users/gloriagomez/.m2/repository/com/google/guava/guava/20.0/guava-20.0.jar:/Users/gloriagomez/.m2/repository/com/fasterxml/jackson/core/jackson-core/2.9.6/jackson-core-2.9.6.jar:/Users/gloriagomez/.m2/repository/com/fasterxml/jackson/core/jackson-annotations/2.9.0/jackson-annotations-2.9.0.jar:/Users/gloriagomez/.m2/repository/com/fasterxml/jackson/core/jackson-databind/2.9.6/jackson-databind-2.9.6.jar:/Users/gloriagomez/.m2/repository/org/apache/httpcomponents/httpclient/4.5.5/httpclient-4.5.5.jar:/Users/gloriagomez/.m2/repository/org/apache/httpcomponents/httpcore/4.4.9/httpcore-4.4.9.jar:/Users/gloriagomez/.m2/repository/commons-codec/commons-codec/1.11/commons-codec-1.11.jar:/Users/gloriagomez/.m2/repository/org/xmlunit/xmlunit-core/2.5.1/xmlunit-core-2.5.1.jar:/Users/gloriagomez/.m2/repository/org/xmlunit/xmlunit-legacy/2.5.1/xmlunit-legacy-2.5.1.jar:/Users/gloriagomez/.m2/repository/org/xmlunit/xmlunit-placeholders/2.6.2/xmlunit-placeholders-2.6.2.jar:/Users/gloriagomez/.m2/repository/org/ow2/asm/asm/7.0/asm-7.0.jar:/Users/gloriagomez/.m2/repository/org/slf4j/slf4j-api/1.7.25/slf4j-api-1.7.25.jar:/Users/gloriagomez/.m2/repository/net/sf/jopt-simple/jopt-simple/5.0.3/jopt-simple-5.0.3.jar:/Users/gloriagomez/.m2/repository/org/apache/commons/commons-lang3/3.7/commons-lang3-3.7.jar:/Users/gloriagomez/.m2/repository/com/flipkart/zjsonpatch/zjsonpatch/0.4.4/zjsonpatch-0.4.4.jar:/Users/gloriagomez/.m2/repository/com/github/jknack/handlebars/4.0.7/handlebars-4.0.7.jar:/Users/gloriagomez/.m2/repository/org/antlr/antlr4-runtime/4.7.1/antlr4-runtime-4.7.1.jar:/Users/gloriagomez/.m2/repository/com/github/jknack/handlebars-helpers/4.0.7/handlebars-helpers-4.0.7.jar:/Users/gloriagomez/.m2/repository/org/springframework/spring-beans/5.0.7.RELEASE/spring-beans-5.0.7.RELEASE.jar:/Users/gloriagomez/.m2/repository/org/springframework/boot/spring-boot-starter-test/2.0.3.RELEASE/spring-boot-starter-test-2.0.3.RELEASE.jar:/Users/gloriagomez/.m2/repository/org/springframework/boot/spring-boot-test/2.0.3.RELEASE/spring-boot-test-2.0.3.RELEASE.jar:/Users/gloriagomez/.m2/repository/org/springframework/boot/spring-boot-test-autoconfigure/2.0.3.RELEASE/spring-boot-test-autoconfigure-2.0.3.RELEASE.jar:/Users/gloriagomez/.m2/repository/org/assertj/assertj-core/3.9.1/assertj-core-3.9.1.jar:/Users/gloriagomez/.m2/repository/org/mockito/mockito-core/2.15.0/mockito-core-2.15.0.jar:/Users/gloriagomez/.m2/repository/net/bytebuddy/byte-buddy/1.7.11/byte-buddy-1.7.11.jar:/Users/gloriagomez/.m2/repository/net/bytebuddy/byte-buddy-agent/1.7.11/byte-buddy-agent-1.7.11.jar:/Users/gloriagomez/.m2/repository/org/objenesis/objenesis/2.6/objenesis-2.6.jar:/Users/gloriagomez/.m2/repository/org/hamcrest/hamcrest-library/1.3/hamcrest-library-1.3.jar:/Users/gloriagomez/.m2/repository/org/skyscreamer/jsonassert/1.5.0/jsonassert-1.5.0.jar:/Users/gloriagomez/.m2/repository/com/vaadin/external/google/android-json/0.0.20131108.vaadin1/android-json-0.0.20131108.vaadin1.jar:/Users/gloriagomez/.m2/repository/org/springframework/spring-test/5.0.7.RELEASE/spring-test-5.0.7.RELEASE.jar:/Users/gloriagomez/.m2/repository/org/springframework/boot/spring-boot/2.0.3.RELEASE/spring-boot-2.0.3.RELEASE.jar:/Users/gloriagomez/.m2/repository/org/springframework/spring-context/5.0.7.RELEASE/spring-context-5.0.7.RELEASE.jar:/Users/gloriagomez/.m2/repository/org/springframework/spring-aop/5.0.7.RELEASE/spring-aop-5.0.7.RELEASE.jar:/Users/gloriagomez/.m2/repository/org/springframework/spring-expression/5.0.7.RELEASE/spring-expression-5.0.7.RELEASE.jar:/Users/gloriagomez/.m2/repository/org/springframework/spring-core/5.0.7.RELEASE/spring-core-5.0.7.RELEASE.jar:/Users/gloriagomez/.m2/repository/org/springframework/spring-jcl/5.0.7.RELEASE/spring-jcl-5.0.7.RELEASE.jar:/Users/gloriagomez/.m2/repository/org/springframework/boot/spring-boot-autoconfigure/2.0.3.RELEASE/spring-boot-autoconfigure-2.0.3.RELEASE.jar:/Users/gloriagomez/.m2/repository/org/springframework/boot/spring-boot-starter/2.0.3.RELEASE/spring-boot-starter-2.0.3.RELEASE.jar:/Users/gloriagomez/.m2/repository/org/springframework/boot/spring-boot-starter-logging/2.0.3.RELEASE/spring-boot-starter-logging-2.0.3.RELEASE.jar:/Users/gloriagomez/.m2/repository/ch/qos/logback/logback-classic/1.2.3/logback-classic-1.2.3.jar:/Users/gloriagomez/.m2/repository/ch/qos/logback/logback-core/1.2.3/logback-core-1.2.3.jar:/Users/gloriagomez/.m2/repository/org/apache/logging/log4j/log4j-to-slf4j/2.10.0/log4j-to-slf4j-2.10.0.jar:/Users/gloriagomez/.m2/repository/org/apache/logging/log4j/log4j-api/2.10.0/log4j-api-2.10.0.jar:/Users/gloriagomez/.m2/repository/org/slf4j/jul-to-slf4j/1.7.25/jul-to-slf4j-1.7.25.jar:/Users/gloriagomez/.m2/repository/javax/annotation/javax.annotation-api/1.3.2/javax.annotation-api-1.3.2.jar:/Users/gloriagomez/.m2/repository/org/yaml/snakeyaml/1.19/snakeyaml-1.19.jar:/Users/gloriagomez/.m2/repository/org/springframework/boot/spring-boot-starter-actuator/2.0.3.RELEASE/spring-boot-starter-actuator-2.0.3.RELEASE.jar:/Users/gloriagomez/.m2/repository/org/springframework/boot/spring-boot-actuator-autoconfigure/2.0.3.RELEASE/spring-boot-actuator-autoconfigure-2.0.3.RELEASE.jar:/Users/gloriagomez/.m2/repository/org/springframework/boot/spring-boot-actuator/2.0.3.RELEASE/spring-boot-actuator-2.0.3.RELEASE.jar:/Users/gloriagomez/.m2/repository/com/fasterxml/jackson/datatype/jackson-datatype-jsr310/2.9.6/jackson-datatype-jsr310-2.9.6.jar:/Users/gloriagomez/.m2/repository/io/micrometer/micrometer-core/1.0.5/micrometer-core-1.0.5.jar:/Users/gloriagomez/.m2/repository/org/hdrhistogram/HdrHistogram/2.1.10/HdrHistogram-2.1.10.jar:/Users/gloriagomez/.m2/repository/org/latencyutils/LatencyUtils/2.0.3/LatencyUtils-2.0.3.jar:/Users/gloriagomez/.m2/repository/org/springframework/boot/spring-boot-starter-web/2.0.3.RELEASE/spring-boot-starter-web-2.0.3.RELEASE.jar:/Users/gloriagomez/.m2/repository/org/springframework/boot/spring-boot-starter-json/2.0.3.RELEASE/spring-boot-starter-json-2.0.3.RELEASE.jar:/Users/gloriagomez/.m2/repository/com/fasterxml/jackson/datatype/jackson-datatype-jdk8/2.9.6/jackson-datatype-jdk8-2.9.6.jar:/Users/gloriagomez/.m2/repository/com/fasterxml/jackson/module/jackson-module-parameter-names/2.9.6/jackson-module-parameter-names-2.9.6.jar:/Users/gloriagomez/.m2/repository/org/springframework/boot/spring-boot-starter-tomcat/2.0.3.RELEASE/spring-boot-starter-tomcat-2.0.3.RELEASE.jar:/Users/gloriagomez/.m2/repository/org/apache/tomcat/embed/tomcat-embed-core/8.5.31/tomcat-embed-core-8.5.31.jar:/Users/gloriagomez/.m2/repository/org/apache/tomcat/embed/tomcat-embed-el/8.5.31/tomcat-embed-el-8.5.31.jar:/Users/gloriagomez/.m2/repository/org/apache/tomcat/embed/tomcat-embed-websocket/8.5.31/tomcat-embed-websocket-8.5.31.jar:/Users/gloriagomez/.m2/repository/org/hibernate/validator/hibernate-validator/6.0.10.Final/hibernate-validator-6.0.10.Final.jar:/Users/gloriagomez/.m2/repository/javax/validation/validation-api/2.0.1.Final/validation-api-2.0.1.Final.jar:/Users/gloriagomez/.m2/repository/org/jboss/logging/jboss-logging/3.3.2.Final/jboss-logging-3.3.2.Final.jar:/Users/gloriagomez/.m2/repository/org/springframework/spring-web/5.0.7.RELEASE/spring-web-5.0.7.RELEASE.jar:/Users/gloriagomez/.m2/repository/org/springframework/spring-webmvc/5.0.7.RELEASE/spring-webmvc-5.0.7.RELEASE.jar:/Users/gloriagomez/.m2/repository/io/rest-assured/rest-assured/3.0.7/rest-assured-3.0.7.jar:/Users/gloriagomez/.m2/repository/org/codehaus/groovy/groovy/2.4.15/groovy-2.4.15.jar:/Users/gloriagomez/.m2/repository/org/codehaus/groovy/groovy-xml/2.4.15/groovy-xml-2.4.15.jar:/Users/gloriagomez/.m2/repository/org/apache/httpcomponents/httpmime/4.5.5/httpmime-4.5.5.jar:/Users/gloriagomez/.m2/repository/org/ccil/cowan/tagsoup/tagsoup/1.2.1/tagsoup-1.2.1.jar:/Users/gloriagomez/.m2/repository/io/rest-assured/json-path/3.0.7/json-path-3.0.7.jar:/Users/gloriagomez/.m2/repository/org/codehaus/groovy/groovy-json/2.4.15/groovy-json-2.4.15.jar:/Users/gloriagomez/.m2/repository/io/rest-assured/rest-assured-common/3.0.7/rest-assured-common-3.0.7.jar:/Users/gloriagomez/.m2/repository/io/rest-assured/xml-path/3.0.7/xml-path-3.0.7.jar:/Users/gloriagomez/.m2/repository/javax/xml/bind/jaxb-api/2.3.0/jaxb-api-2.3.0.jar:/Users/gloriagomez/.m2/repository/io/springfox/springfox-swagger2/2.9.2/springfox-swagger2-2.9.2.jar:/Users/gloriagomez/.m2/repository/io/swagger/swagger-annotations/1.5.20/swagger-annotations-1.5.20.jar:/Users/gloriagomez/.m2/repository/io/swagger/swagger-models/1.5.20/swagger-models-1.5.20.jar:/Users/gloriagomez/.m2/repository/io/springfox/springfox-spi/2.9.2/springfox-spi-2.9.2.jar:/Users/gloriagomez/.m2/repository/io/springfox/springfox-core/2.9.2/springfox-core-2.9.2.jar:/Users/gloriagomez/.m2/repository/io/springfox/springfox-schema/2.9.2/springfox-schema-2.9.2.jar:/Users/gloriagomez/.m2/repository/io/springfox/springfox-swagger-common/2.9.2/springfox-swagger-common-2.9.2.jar:/Users/gloriagomez/.m2/repository/io/springfox/springfox-spring-web/2.9.2/springfox-spring-web-2.9.2.jar:/Users/gloriagomez/.m2/repository/com/fasterxml/classmate/1.3.4/classmate-1.3.4.jar:/Users/gloriagomez/.m2/repository/org/springframework/plugin/spring-plugin-core/1.2.0.RELEASE/spring-plugin-core-1.2.0.RELEASE.jar:/Users/gloriagomez/.m2/repository/org/springframework/plugin/spring-plugin-metadata/1.2.0.RELEASE/spring-plugin-metadata-1.2.0.RELEASE.jar:/Users/gloriagomez/.m2/repository/org/mapstruct/mapstruct/1.2.0.Final/mapstruct-1.2.0.Final.jar:/Users/gloriagomez/.m2/repository/io/springfox/springfox-swagger-ui/2.9.2/springfox-swagger-ui-2.9.2.jar:/Users/gloriagomez/.m2/repository/org/modelmapper/modelmapper/2.3.2/modelmapper-2.3.2.jar:/Users/gloriagomez/.m2/repository/org/apache/maven/maven-plugin-api/3.6.0/maven-plugin-api-3.6.0.jar:/Users/gloriagomez/.m2/repository/org/apache/maven/maven-model/3.6.0/maven-model-3.6.0.jar:/Users/gloriagomez/.m2/repository/org/apache/maven/maven-artifact/3.6.0/maven-artifact-3.6.0.jar:/Users/gloriagomez/.m2/repository/org/eclipse/sisu/org.eclipse.sisu.plexus/0.3.3/org.eclipse.sisu.plexus-0.3.3.jar:/Users/gloriagomez/.m2/repository/javax/enterprise/cdi-api/1.0/cdi-api-1.0.jar:/Users/gloriagomez/.m2/repository/javax/annotation/jsr250-api/1.0/jsr250-api-1.0.jar:/Users/gloriagomez/.m2/repository/javax/inject/javax.inject/1/javax.inject-1.jar:/Users/gloriagomez/.m2/repository/org/eclipse/sisu/org.eclipse.sisu.inject/0.3.3/org.eclipse.sisu.inject-0.3.3.jar:/Users/gloriagomez/.m2/repository/org/codehaus/plexus/plexus-component-annotations/1.5.5/plexus-component-annotations-1.5.5.jar:/Users/gloriagomez/.m2/repository/org/codehaus/plexus/plexus-utils/3.1.0/plexus-utils-3.1.0.jar:/Users/gloriagomez/.m2/repository/org/codehaus/plexus/plexus-classworlds/2.5.2/plexus-classworlds-2.5.2.jar:/Users/gloriagomez/.m2/repository/com/jayway/jsonpath/json-path/2.4.0/json-path-2.4.0.jar:/Users/gloriagomez/.m2/repository/net/minidev/json-smart/2.3/json-smart-2.3.jar:/Users/gloriagomez/.m2/repository/net/minidev/accessors-smart/1.2/accessors-smart-1.2.jar:/Users/gloriagomez/.m2/repository/org/springframework/boot/spring-boot-maven-plugin/2.1.3.RELEASE/spring-boot-maven-plugin-2.1.3.RELEASE.jar:/Users/gloriagomez/.m2/repository/org/springframework/boot/spring-boot-loader-tools/2.0.3.RELEASE/spring-boot-loader-tools-2.0.3.RELEASE.jar:/Users/gloriagomez/.m2/repository/org/apache/commons/commons-compress/1.14/commons-compress-1.14.jar:/Users/gloriagomez/.m2/repository/org/apache/maven/maven-archiver/3.2.0/maven-archiver-3.2.0.jar:/Users/gloriagomez/.m2/repository/org/apache/maven/shared/maven-shared-utils/3.2.0/maven-shared-utils-3.2.0.jar:/Users/gloriagomez/.m2/repository/commons-io/commons-io/2.5/commons-io-2.5.jar:/Users/gloriagomez/.m2/repository/org/codehaus/plexus/plexus-interpolation/1.22/plexus-interpolation-1.22.jar:/Users/gloriagomez/.m2/repository/org/apache/maven/maven-core/3.3.9/maven-core-3.3.9.jar:/Users/gloriagomez/.m2/repository/org/apache/maven/maven-settings-builder/3.3.9/maven-settings-builder-3.3.9.jar:/Users/gloriagomez/.m2/repository/org/apache/maven/maven-builder-support/3.3.9/maven-builder-support-3.3.9.jar:/Users/gloriagomez/.m2/repository/org/apache/maven/maven-repository-metadata/3.3.9/maven-repository-metadata-3.3.9.jar:/Users/gloriagomez/.m2/repository/org/apache/maven/maven-model-builder/3.3.9/maven-model-builder-3.3.9.jar:/Users/gloriagomez/.m2/repository/org/apache/maven/maven-aether-provider/3.3.9/maven-aether-provider-3.3.9.jar:/Users/gloriagomez/.m2/repository/org/eclipse/aether/aether-spi/1.0.2.v20150114/aether-spi-1.0.2.v20150114.jar:/Users/gloriagomez/.m2/repository/org/eclipse/aether/aether-impl/1.0.2.v20150114/aether-impl-1.0.2.v20150114.jar:/Users/gloriagomez/.m2/repository/org/eclipse/aether/aether-api/1.0.2.v20150114/aether-api-1.0.2.v20150114.jar:/Users/gloriagomez/.m2/repository/org/eclipse/aether/aether-util/1.0.2.v20150114/aether-util-1.0.2.v20150114.jar:/Users/gloriagomez/.m2/repository/com/google/inject/guice/4.0/guice-4.0-no_aop.jar:/Users/gloriagomez/.m2/repository/aopalliance/aopalliance/1.0/aopalliance-1.0.jar:/Users/gloriagomez/.m2/repository/org/sonatype/plexus/plexus-sec-dispatcher/1.3/plexus-sec-dispatcher-1.3.jar:/Users/gloriagomez/.m2/repository/org/sonatype/plexus/plexus-cipher/1.4/plexus-cipher-1.4.jar:/Users/gloriagomez/.m2/repository/org/apache/maven/maven-settings/3.3.9/maven-settings-3.3.9.jar:/Users/gloriagomez/.m2/repository/org/apache/maven/shared/maven-common-artifact-filters/3.0.1/maven-common-artifact-filters-3.0.1.jar:/Users/gloriagomez/.m2/repository/org/sonatype/sisu/sisu-inject-plexus/1.4.2/sisu-inject-plexus-1.4.2.jar:/Users/gloriagomez/.m2/repository/org/sonatype/sisu/sisu-inject-bean/1.4.2/sisu-inject-bean-1.4.2.jar:/Users/gloriagomez/.m2/repository/org/sonatype/sisu/sisu-guice/2.1.7/sisu-guice-2.1.7-noaop.jar:/Users/gloriagomez/.m2/repository/org/codehaus/plexus/plexus-archiver/3.6.0/plexus-archiver-3.6.0.jar:/Users/gloriagomez/.m2/repository/org/codehaus/plexus/plexus-io/3.0.1/plexus-io-3.0.1.jar:/Users/gloriagomez/.m2/repository/org/iq80/snappy/snappy/0.4/snappy-0.4.jar:/Users/gloriagomez/.m2/repository/org/tukaani/xz/1.8/xz-1.8.jar:/Users/gloriagomez/.m2/repository/org/sonatype/plexus/plexus-build-api/0.0.7/plexus-build-api-0.0.7.jar:"/>
    <property name="java.vm.vendor" value="Oracle Corporation"/>
    <property name="sun.arch.data.model" value="64"/>
    <property name="java.vendor.url" value="http://java.oracle.com/"/>
    <property name="user.timezone" value=""/>
    <property name="java.vm.specification.version" value="1.8"/>
    <property name="os.name" value="Mac OS X"/>
    <property name="user.country" value="US"/>
    <property name="sun.java.launcher" value="SUN_STANDARD"/>
    <property name="sun.boot.library.path" value="/Library/Java/JavaVirtualMachines/jdk1.8.0_121.jdk/Contents/Home/jre/lib"/>
    <property name="sun.java.command" value="/Users/gloriagomez/Documents/workspace/RestApiChallenge/RestApi/RestApiChallenge/target/surefire/surefirebooter2025320483404709648.jar /Users/gloriagomez/Documents/workspace/RestApiChallenge/RestApi/RestApiChallenge/target/surefire 2019-04-01T11-21-41_075-jvmRun1 surefire3965368134655125696tmp surefire_06627341003051011942tmp"/>
    <property name="http.nonProxyHosts" value="local|*.local|169.254/16|*.169.254/16"/>
    <property name="surefire.test.class.path" value="/Users/gloriagomez/Documents/workspace/RestApiChallenge/RestApi/RestApiChallenge/target/test-classes:/Users/gloriagomez/Documents/workspace/RestApiChallenge/RestApi/RestApiChallenge/target/classes:/Users/gloriagomez/.m2/repository/junit/junit/4.12/junit-4.12.jar:/Users/gloriagomez/.m2/repository/org/hamcrest/hamcrest-core/1.3/hamcrest-core-1.3.jar:/Users/gloriagomez/.m2/repository/org/apache/commons/commons-collections4/4.3/commons-collections4-4.3.jar:/Users/gloriagomez/.m2/repository/org/eclipse/jetty/jetty-server/9.4.11.v20180605/jetty-server-9.4.11.v20180605.jar:/Users/gloriagomez/.m2/repository/javax/servlet/javax.servlet-api/3.1.0/javax.servlet-api-3.1.0.jar:/Users/gloriagomez/.m2/repository/org/eclipse/jetty/jetty-http/9.4.11.v20180605/jetty-http-9.4.11.v20180605.jar:/Users/gloriagomez/.m2/repository/org/eclipse/jetty/jetty-io/9.4.11.v20180605/jetty-io-9.4.11.v20180605.jar:/Users/gloriagomez/.m2/repository/org/eclipse/jetty/jetty-servlet/9.4.11.v20180605/jetty-servlet-9.4.11.v20180605.jar:/Users/gloriagomez/.m2/repository/org/eclipse/jetty/jetty-security/9.4.11.v20180605/jetty-security-9.4.11.v20180605.jar:/Users/gloriagomez/.m2/repository/org/eclipse/jetty/jetty-servlets/9.4.11.v20180605/jetty-servlets-9.4.11.v20180605.jar:/Users/gloriagomez/.m2/repository/org/eclipse/jetty/jetty-continuation/9.4.11.v20180605/jetty-continuation-9.4.11.v20180605.jar:/Users/gloriagomez/.m2/repository/org/eclipse/jetty/jetty-util/9.4.11.v20180605/jetty-util-9.4.11.v20180605.jar:/Users/gloriagomez/.m2/repository/org/eclipse/jetty/jetty-webapp/9.4.11.v20180605/jetty-webapp-9.4.11.v20180605.jar:/Users/gloriagomez/.m2/repository/org/eclipse/jetty/jetty-xml/9.4.11.v20180605/jetty-xml-9.4.11.v20180605.jar:/Users/gloriagomez/.m2/repository/com/google/guava/guava/20.0/guava-20.0.jar:/Users/gloriagomez/.m2/repository/com/fasterxml/jackson/core/jackson-core/2.9.6/jackson-core-2.9.6.jar:/Users/gloriagomez/.m2/repository/com/fasterxml/jackson/core/jackson-annotations/2.9.0/jackson-annotations-2.9.0.jar:/Users/gloriagomez/.m2/repository/com/fasterxml/jackson/core/jackson-databind/2.9.6/jackson-databind-2.9.6.jar:/Users/gloriagomez/.m2/repository/org/apache/httpcomponents/httpclient/4.5.5/httpclient-4.5.5.jar:/Users/gloriagomez/.m2/repository/org/apache/httpcomponents/httpcore/4.4.9/httpcore-4.4.9.jar:/Users/gloriagomez/.m2/repository/commons-codec/commons-codec/1.11/commons-codec-1.11.jar:/Users/gloriagomez/.m2/repository/org/xmlunit/xmlunit-core/2.5.1/xmlunit-core-2.5.1.jar:/Users/gloriagomez/.m2/repository/org/xmlunit/xmlunit-legacy/2.5.1/xmlunit-legacy-2.5.1.jar:/Users/gloriagomez/.m2/repository/org/xmlunit/xmlunit-placeholders/2.6.2/xmlunit-placeholders-2.6.2.jar:/Users/gloriagomez/.m2/repository/org/ow2/asm/asm/7.0/asm-7.0.jar:/Users/gloriagomez/.m2/repository/org/slf4j/slf4j-api/1.7.25/slf4j-api-1.7.25.jar:/Users/gloriagomez/.m2/repository/net/sf/jopt-simple/jopt-simple/5.0.3/jopt-simple-5.0.3.jar:/Users/gloriagomez/.m2/repository/org/apache/commons/commons-lang3/3.7/commons-lang3-3.7.jar:/Users/gloriagomez/.m2/repository/com/flipkart/zjsonpatch/zjsonpatch/0.4.4/zjsonpatch-0.4.4.jar:/Users/gloriagomez/.m2/repository/com/github/jknack/handlebars/4.0.7/handlebars-4.0.7.jar:/Users/gloriagomez/.m2/repository/org/antlr/antlr4-runtime/4.7.1/antlr4-runtime-4.7.1.jar:/Users/gloriagomez/.m2/repository/com/github/jknack/handlebars-helpers/4.0.7/handlebars-helpers-4.0.7.jar:/Users/gloriagomez/.m2/repository/org/springframework/spring-beans/5.0.7.RELEASE/spring-beans-5.0.7.RELEASE.jar:/Users/gloriagomez/.m2/repository/org/springframework/boot/spring-boot-starter-test/2.0.3.RELEASE/spring-boot-starter-test-2.0.3.RELEASE.jar:/Users/gloriagomez/.m2/repository/org/springframework/boot/spring-boot-test/2.0.3.RELEASE/spring-boot-test-2.0.3.RELEASE.jar:/Users/gloriagomez/.m2/repository/org/springframework/boot/spring-boot-test-autoconfigure/2.0.3.RELEASE/spring-boot-test-autoconfigure-2.0.3.RELEASE.jar:/Users/gloriagomez/.m2/repository/org/assertj/assertj-core/3.9.1/assertj-core-3.9.1.jar:/Users/gloriagomez/.m2/repository/org/mockito/mockito-core/2.15.0/mockito-core-2.15.0.jar:/Users/gloriagomez/.m2/repository/net/bytebuddy/byte-buddy/1.7.11/byte-buddy-1.7.11.jar:/Users/gloriagomez/.m2/repository/net/bytebuddy/byte-buddy-agent/1.7.11/byte-buddy-agent-1.7.11.jar:/Users/gloriagomez/.m2/repository/org/objenesis/objenesis/2.6/objenesis-2.6.jar:/Users/gloriagomez/.m2/repository/org/hamcrest/hamcrest-library/1.3/hamcrest-library-1.3.jar:/Users/gloriagomez/.m2/repository/org/skyscreamer/jsonassert/1.5.0/jsonassert-1.5.0.jar:/Users/gloriagomez/.m2/repository/com/vaadin/external/google/android-json/0.0.20131108.vaadin1/android-json-0.0.20131108.vaadin1.jar:/Users/gloriagomez/.m2/repository/org/springframework/spring-test/5.0.7.RELEASE/spring-test-5.0.7.RELEASE.jar:/Users/gloriagomez/.m2/repository/org/springframework/boot/spring-boot/2.0.3.RELEASE/spring-boot-2.0.3.RELEASE.jar:/Users/gloriagomez/.m2/repository/org/springframework/spring-context/5.0.7.RELEASE/spring-context-5.0.7.RELEASE.jar:/Users/gloriagomez/.m2/repository/org/springframework/spring-aop/5.0.7.RELEASE/spring-aop-5.0.7.RELEASE.jar:/Users/gloriagomez/.m2/repository/org/springframework/spring-expression/5.0.7.RELEASE/spring-expression-5.0.7.RELEASE.jar:/Users/gloriagomez/.m2/repository/org/springframework/spring-core/5.0.7.RELEASE/spring-core-5.0.7.RELEASE.jar:/Users/gloriagomez/.m2/repository/org/springframework/spring-jcl/5.0.7.RELEASE/spring-jcl-5.0.7.RELEASE.jar:/Users/gloriagomez/.m2/repository/org/springframework/boot/spring-boot-autoconfigure/2.0.3.RELEASE/spring-boot-autoconfigure-2.0.3.RELEASE.jar:/Users/gloriagomez/.m2/repository/org/springframework/boot/spring-boot-starter/2.0.3.RELEASE/spring-boot-starter-2.0.3.RELEASE.jar:/Users/gloriagomez/.m2/repository/org/springframework/boot/spring-boot-starter-logging/2.0.3.RELEASE/spring-boot-starter-logging-2.0.3.RELEASE.jar:/Users/gloriagomez/.m2/repository/ch/qos/logback/logback-classic/1.2.3/logback-classic-1.2.3.jar:/Users/gloriagomez/.m2/repository/ch/qos/logback/logback-core/1.2.3/logback-core-1.2.3.jar:/Users/gloriagomez/.m2/repository/org/apache/logging/log4j/log4j-to-slf4j/2.10.0/log4j-to-slf4j-2.10.0.jar:/Users/gloriagomez/.m2/repository/org/apache/logging/log4j/log4j-api/2.10.0/log4j-api-2.10.0.jar:/Users/gloriagomez/.m2/repository/org/slf4j/jul-to-slf4j/1.7.25/jul-to-slf4j-1.7.25.jar:/Users/gloriagomez/.m2/repository/javax/annotation/javax.annotation-api/1.3.2/javax.annotation-api-1.3.2.jar:/Users/gloriagomez/.m2/repository/org/yaml/snakeyaml/1.19/snakeyaml-1.19.jar:/Users/gloriagomez/.m2/repository/org/springframework/boot/spring-boot-starter-actuator/2.0.3.RELEASE/spring-boot-starter-actuator-2.0.3.RELEASE.jar:/Users/gloriagomez/.m2/repository/org/springframework/boot/spring-boot-actuator-autoconfigure/2.0.3.RELEASE/spring-boot-actuator-autoconfigure-2.0.3.RELEASE.jar:/Users/gloriagomez/.m2/repository/org/springframework/boot/spring-boot-actuator/2.0.3.RELEASE/spring-boot-actuator-2.0.3.RELEASE.jar:/Users/gloriagomez/.m2/repository/com/fasterxml/jackson/datatype/jackson-datatype-jsr310/2.9.6/jackson-datatype-jsr310-2.9.6.jar:/Users/gloriagomez/.m2/repository/io/micrometer/micrometer-core/1.0.5/micrometer-core-1.0.5.jar:/Users/gloriagomez/.m2/repository/org/hdrhistogram/HdrHistogram/2.1.10/HdrHistogram-2.1.10.jar:/Users/gloriagomez/.m2/repository/org/latencyutils/LatencyUtils/2.0.3/LatencyUtils-2.0.3.jar:/Users/gloriagomez/.m2/repository/org/springframework/boot/spring-boot-starter-web/2.0.3.RELEASE/spring-boot-starter-web-2.0.3.RELEASE.jar:/Users/gloriagomez/.m2/repository/org/springframework/boot/spring-boot-starter-json/2.0.3.RELEASE/spring-boot-starter-json-2.0.3.RELEASE.jar:/Users/gloriagomez/.m2/repository/com/fasterxml/jackson/datatype/jackson-datatype-jdk8/2.9.6/jackson-datatype-jdk8-2.9.6.jar:/Users/gloriagomez/.m2/repository/com/fasterxml/jackson/module/jackson-module-parameter-names/2.9.6/jackson-module-parameter-names-2.9.6.jar:/Users/gloriagomez/.m2/repository/org/springframework/boot/spring-boot-starter-tomcat/2.0.3.RELEASE/spring-boot-starter-tomcat-2.0.3.RELEASE.jar:/Users/gloriagomez/.m2/repository/org/apache/tomcat/embed/tomcat-embed-core/8.5.31/tomcat-embed-core-8.5.31.jar:/Users/gloriagomez/.m2/repository/org/apache/tomcat/embed/tomcat-embed-el/8.5.31/tomcat-embed-el-8.5.31.jar:/Users/gloriagomez/.m2/repository/org/apache/tomcat/embed/tomcat-embed-websocket/8.5.31/tomcat-embed-websocket-8.5.31.jar:/Users/gloriagomez/.m2/repository/org/hibernate/validator/hibernate-validator/6.0.10.Final/hibernate-validator-6.0.10.Final.jar:/Users/gloriagomez/.m2/repository/javax/validation/validation-api/2.0.1.Final/validation-api-2.0.1.Final.jar:/Users/gloriagomez/.m2/repository/org/jboss/logging/jboss-logging/3.3.2.Final/jboss-logging-3.3.2.Final.jar:/Users/gloriagomez/.m2/repository/org/springframework/spring-web/5.0.7.RELEASE/spring-web-5.0.7.RELEASE.jar:/Users/gloriagomez/.m2/repository/org/springframework/spring-webmvc/5.0.7.RELEASE/spring-webmvc-5.0.7.RELEASE.jar:/Users/gloriagomez/.m2/repository/io/rest-assured/rest-assured/3.0.7/rest-assured-3.0.7.jar:/Users/gloriagomez/.m2/repository/org/codehaus/groovy/groovy/2.4.15/groovy-2.4.15.jar:/Users/gloriagomez/.m2/repository/org/codehaus/groovy/groovy-xml/2.4.15/groovy-xml-2.4.15.jar:/Users/gloriagomez/.m2/repository/org/apache/httpcomponents/httpmime/4.5.5/httpmime-4.5.5.jar:/Users/gloriagomez/.m2/repository/org/ccil/cowan/tagsoup/tagsoup/1.2.1/tagsoup-1.2.1.jar:/Users/gloriagomez/.m2/repository/io/rest-assured/json-path/3.0.7/json-path-3.0.7.jar:/Users/gloriagomez/.m2/repository/org/codehaus/groovy/groovy-json/2.4.15/groovy-json-2.4.15.jar:/Users/gloriagomez/.m2/repository/io/rest-assured/rest-assured-common/3.0.7/rest-assured-common-3.0.7.jar:/Users/gloriagomez/.m2/repository/io/rest-assured/xml-path/3.0.7/xml-path-3.0.7.jar:/Users/gloriagomez/.m2/repository/javax/xml/bind/jaxb-api/2.3.0/jaxb-api-2.3.0.jar:/Users/gloriagomez/.m2/repository/io/springfox/springfox-swagger2/2.9.2/springfox-swagger2-2.9.2.jar:/Users/gloriagomez/.m2/repository/io/swagger/swagger-annotations/1.5.20/swagger-annotations-1.5.20.jar:/Users/gloriagomez/.m2/repository/io/swagger/swagger-models/1.5.20/swagger-models-1.5.20.jar:/Users/gloriagomez/.m2/repository/io/springfox/springfox-spi/2.9.2/springfox-spi-2.9.2.jar:/Users/gloriagomez/.m2/repository/io/springfox/springfox-core/2.9.2/springfox-core-2.9.2.jar:/Users/gloriagomez/.m2/repository/io/springfox/springfox-schema/2.9.2/springfox-schema-2.9.2.jar:/Users/gloriagomez/.m2/repository/io/springfox/springfox-swagger-common/2.9.2/springfox-swagger-common-2.9.2.jar:/Users/gloriagomez/.m2/repository/io/springfox/springfox-spring-web/2.9.2/springfox-spring-web-2.9.2.jar:/Users/gloriagomez/.m2/repository/com/fasterxml/classmate/1.3.4/classmate-1.3.4.jar:/Users/gloriagomez/.m2/repository/org/springframework/plugin/spring-plugin-core/1.2.0.RELEASE/spring-plugin-core-1.2.0.RELEASE.jar:/Users/gloriagomez/.m2/repository/org/springframework/plugin/spring-plugin-metadata/1.2.0.RELEASE/spring-plugin-metadata-1.2.0.RELEASE.jar:/Users/gloriagomez/.m2/repository/org/mapstruct/mapstruct/1.2.0.Final/mapstruct-1.2.0.Final.jar:/Users/gloriagomez/.m2/repository/io/springfox/springfox-swagger-ui/2.9.2/springfox-swagger-ui-2.9.2.jar:/Users/gloriagomez/.m2/repository/org/modelmapper/modelmapper/2.3.2/modelmapper-2.3.2.jar:/Users/gloriagomez/.m2/repository/org/apache/maven/maven-plugin-api/3.6.0/maven-plugin-api-3.6.0.jar:/Users/gloriagomez/.m2/repository/org/apache/maven/maven-model/3.6.0/maven-model-3.6.0.jar:/Users/gloriagomez/.m2/repository/org/apache/maven/maven-artifact/3.6.0/maven-artifact-3.6.0.jar:/Users/gloriagomez/.m2/repository/org/eclipse/sisu/org.eclipse.sisu.plexus/0.3.3/org.eclipse.sisu.plexus-0.3.3.jar:/Users/gloriagomez/.m2/repository/javax/enterprise/cdi-api/1.0/cdi-api-1.0.jar:/Users/gloriagomez/.m2/repository/javax/annotation/jsr250-api/1.0/jsr250-api-1.0.jar:/Users/gloriagomez/.m2/repository/javax/inject/javax.inject/1/javax.inject-1.jar:/Users/gloriagomez/.m2/repository/org/eclipse/sisu/org.eclipse.sisu.inject/0.3.3/org.eclipse.sisu.inject-0.3.3.jar:/Users/gloriagomez/.m2/repository/org/codehaus/plexus/plexus-component-annotations/1.5.5/plexus-component-annotations-1.5.5.jar:/Users/gloriagomez/.m2/repository/org/codehaus/plexus/plexus-utils/3.1.0/plexus-utils-3.1.0.jar:/Users/gloriagomez/.m2/repository/org/codehaus/plexus/plexus-classworlds/2.5.2/plexus-classworlds-2.5.2.jar:/Users/gloriagomez/.m2/repository/com/jayway/jsonpath/json-path/2.4.0/json-path-2.4.0.jar:/Users/gloriagomez/.m2/repository/net/minidev/json-smart/2.3/json-smart-2.3.jar:/Users/gloriagomez/.m2/repository/net/minidev/accessors-smart/1.2/accessors-smart-1.2.jar:/Users/gloriagomez/.m2/repository/org/springframework/boot/spring-boot-maven-plugin/2.1.3.RELEASE/spring-boot-maven-plugin-2.1.3.RELEASE.jar:/Users/gloriagomez/.m2/repository/org/springframework/boot/spring-boot-loader-tools/2.0.3.RELEASE/spring-boot-loader-tools-2.0.3.RELEASE.jar:/Users/gloriagomez/.m2/repository/org/apache/commons/commons-compress/1.14/commons-compress-1.14.jar:/Users/gloriagomez/.m2/repository/org/apache/maven/maven-archiver/3.2.0/maven-archiver-3.2.0.jar:/Users/gloriagomez/.m2/repository/org/apache/maven/shared/maven-shared-utils/3.2.0/maven-shared-utils-3.2.0.jar:/Users/gloriagomez/.m2/repository/commons-io/commons-io/2.5/commons-io-2.5.jar:/Users/gloriagomez/.m2/repository/org/codehaus/plexus/plexus-interpolation/1.22/plexus-interpolation-1.22.jar:/Users/gloriagomez/.m2/repository/org/apache/maven/maven-core/3.3.9/maven-core-3.3.9.jar:/Users/gloriagomez/.m2/repository/org/apache/maven/maven-settings-builder/3.3.9/maven-settings-builder-3.3.9.jar:/Users/gloriagomez/.m2/repository/org/apache/maven/maven-builder-support/3.3.9/maven-builder-support-3.3.9.jar:/Users/gloriagomez/.m2/repository/org/apache/maven/maven-repository-metadata/3.3.9/maven-repository-metadata-3.3.9.jar:/Users/gloriagomez/.m2/repository/org/apache/maven/maven-model-builder/3.3.9/maven-model-builder-3.3.9.jar:/Users/gloriagomez/.m2/repository/org/apache/maven/maven-aether-provider/3.3.9/maven-aether-provider-3.3.9.jar:/Users/gloriagomez/.m2/repository/org/eclipse/aether/aether-spi/1.0.2.v20150114/aether-spi-1.0.2.v20150114.jar:/Users/gloriagomez/.m2/repository/org/eclipse/aether/aether-impl/1.0.2.v20150114/aether-impl-1.0.2.v20150114.jar:/Users/gloriagomez/.m2/repository/org/eclipse/aether/aether-api/1.0.2.v20150114/aether-api-1.0.2.v20150114.jar:/Users/gloriagomez/.m2/repository/org/eclipse/aether/aether-util/1.0.2.v20150114/aether-util-1.0.2.v20150114.jar:/Users/gloriagomez/.m2/repository/com/google/inject/guice/4.0/guice-4.0-no_aop.jar:/Users/gloriagomez/.m2/repository/aopalliance/aopalliance/1.0/aopalliance-1.0.jar:/Users/gloriagomez/.m2/repository/org/sonatype/plexus/plexus-sec-dispatcher/1.3/plexus-sec-dispatcher-1.3.jar:/Users/gloriagomez/.m2/repository/org/sonatype/plexus/plexus-cipher/1.4/plexus-cipher-1.4.jar:/Users/gloriagomez/.m2/repository/org/apache/maven/maven-settings/3.3.9/maven-settings-3.3.9.jar:/Users/gloriagomez/.m2/repository/org/apache/maven/shared/maven-common-artifact-filters/3.0.1/maven-common-artifact-filters-3.0.1.jar:/Users/gloriagomez/.m2/repository/org/sonatype/sisu/sisu-inject-plexus/1.4.2/sisu-inject-plexus-1.4.2.jar:/Users/gloriagomez/.m2/repository/org/sonatype/sisu/sisu-inject-bean/1.4.2/sisu-inject-bean-1.4.2.jar:/Users/gloriagomez/.m2/repository/org/sonatype/sisu/sisu-guice/2.1.7/sisu-guice-2.1.7-noaop.jar:/Users/gloriagomez/.m2/repository/org/codehaus/plexus/plexus-archiver/3.6.0/plexus-archiver-3.6.0.jar:/Users/gloriagomez/.m2/repository/org/codehaus/plexus/plexus-io/3.0.1/plexus-io-3.0.1.jar:/Users/gloriagomez/.m2/repository/org/iq80/snappy/snappy/0.4/snappy-0.4.jar:/Users/gloriagomez/.m2/repository/org/tukaani/xz/1.8/xz-1.8.jar:/Users/gloriagomez/.m2/repository/org/sonatype/plexus/plexus-build-api/0.0.7/plexus-build-api-0.0.7.jar:"/>
    <property name="sun.cpu.endian" value="little"/>
    <property name="user.home" value="/Users/gloriagomez"/>
    <property name="user.language" value="en"/>
    <property name="java.specification.vendor" value="Oracle Corporation"/>
    <property name="java.home" value="/Library/Java/JavaVirtualMachines/jdk1.8.0_121.jdk/Contents/Home/jre"/>
    <property name="basedir" value="/Users/gloriagomez/Documents/workspace/RestApiChallenge/RestApi/RestApiChallenge"/>
    <property name="file.separator" value="/"/>
    <property name="line.separator" value="&#10;"/>
    <property name="java.vm.specification.vendor" value="Oracle Corporation"/>
    <property name="java.specification.name" value="Java Platform API Specification"/>
    <property name="java.awt.graphicsenv" value="sun.awt.CGraphicsEnvironment"/>
    <property name="surefire.real.class.path" value="/Users/gloriagomez/Documents/workspace/RestApiChallenge/RestApi/RestApiChallenge/target/surefire/surefirebooter2025320483404709648.jar"/>
    <property name="sun.boot.class.path" value="/Library/Java/JavaVirtualMachines/jdk1.8.0_121.jdk/Contents/Home/jre/lib/resources.jar:/Library/Java/JavaVirtualMachines/jdk1.8.0_121.jdk/Contents/Home/jre/lib/rt.jar:/Library/Java/JavaVirtualMachines/jdk1.8.0_121.jdk/Contents/Home/jre/lib/sunrsasign.jar:/Library/Java/JavaVirtualMachines/jdk1.8.0_121.jdk/Contents/Home/jre/lib/jsse.jar:/Library/Java/JavaVirtualMachines/jdk1.8.0_121.jdk/Contents/Home/jre/lib/jce.jar:/Library/Java/JavaVirtualMachines/jdk1.8.0_121.jdk/Contents/Home/jre/lib/charsets.jar:/Library/Java/JavaVirtualMachines/jdk1.8.0_121.jdk/Contents/Home/jre/lib/jfr.jar:/Library/Java/JavaVirtualMachines/jdk1.8.0_121.jdk/Contents/Home/jre/classes"/>
    <property name="sun.management.compiler" value="HotSpot 64-Bit Tiered Compilers"/>
    <property name="ftp.nonProxyHosts" value="local|*.local|169.254/16|*.169.254/16"/>
    <property name="java.runtime.version" value="1.8.0_121-b13"/>
    <property name="user.name" value="gloriagomez"/>
    <property name="path.separator" value=":"/>
    <property name="os.version" value="10.14.3"/>
    <property name="java.endorsed.dirs" value="/Library/Java/JavaVirtualMachines/jdk1.8.0_121.jdk/Contents/Home/jre/lib/endorsed"/>
    <property name="java.runtime.name" value="Java(TM) SE Runtime Environment"/>
    <property name="file.encoding" value="UTF-8"/>
    <property name="java.vm.name" value="Java HotSpot(TM) 64-Bit Server VM"/>
    <property name="localRepository" value="/Users/gloriagomez/.m2/repository"/>
    <property name="java.vendor.url.bug" value="http://bugreport.sun.com/bugreport/"/>
    <property name="java.io.tmpdir" value="/var/folders/v5/zzx5xnmd5bn3jmfznk4ht4xr0000gn/T/"/>
    <property name="java.version" value="1.8.0_121"/>
    <property name="user.dir" value="/Users/gloriagomez/Documents/workspace/RestApiChallenge/RestApi/RestApiChallenge"/>
    <property name="os.arch" value="x86_64"/>
    <property name="java.vm.specification.name" value="Java Virtual Machine Specification"/>
    <property name="java.awt.printerjob" value="sun.lwawt.macosx.CPrinterJob"/>
    <property name="sun.os.patch.level" value="unknown"/>
    <property name="java.library.path" value="/Users/gloriagomez/Library/Java/Extensions:/Library/Java/Extensions:/Network/Library/Java/Extensions:/System/Library/Java/Extensions:/usr/lib/java:."/>
    <property name="java.vm.info" value="mixed mode"/>
    <property name="java.vendor" value="Oracle Corporation"/>
    <property name="java.vm.version" value="25.121-b13"/>
    <property name="java.ext.dirs" value="/Users/gloriagomez/Library/Java/Extensions:/Library/Java/JavaVirtualMachines/jdk1.8.0_121.jdk/Contents/Home/jre/lib/ext:/Library/Java/Extensions:/Network/Library/Java/Extensions:/System/Library/Java/Extensions:/usr/lib/java"/>
    <property name="sun.io.unicode.encoding" value="UnicodeBig"/>
    <property name="java.class.version" value="52.0"/>
    <property name="socksNonProxyHosts" value="local|*.local|169.254/16|*.169.254/16"/>
  </properties>
  <testcase name="postRequest" classname="rest_api_automation.DataFileTest" time="0.861"/>
  <testcase name="getRequest" classname="rest_api_automation.DataFileTest" time="0.039"/>
</testsuite>